[ 2016-12-15T10:16:08+08:00 ] 127.0.0.1 /index.php?m=Home&c=Cart&a=header_cart_list
INFO: [ app_begin ] --START--
INFO: Run Behavior\ReadHtmlCacheBehavior [ RunTime:0.000000s ]
INFO: [ app_begin ] --END-- [ RunTime:0.000000s ]
NOTIC: [8] Use of undefined constant user_id - assumed 'user_id' D:\phpStudy\WWW\20161011tpshoptcapp\Application\Home\Logic\CartLogic.class.php 第 195 行.
NOTIC: [8] Undefined index: user_id D:\phpStudy\WWW\20161011tpshoptcapp\Application\Home\Logic\CartLogic.class.php 第 195 行.
NOTIC: [8] Use of undefined constant user_id - assumed 'user_id' D:\phpStudy\WWW\20161011tpshoptcapp\Application\Home\Logic\CartLogic.class.php 第 203 行.
INFO: [ view_begin ] --START--
INFO: Run Home\Behaviors\testBehavior [ RunTime:0.001000s ]
INFO: [ view_begin ] --END-- [ RunTime:0.001000s ]
INFO: [ view_parse ] --START--
INFO: [ template_filter ] --START--
INFO: Run Behavior\ContentReplaceBehavior [ RunTime:0.000000s ]
INFO: [ template_filter ] --END-- [ RunTime:0.001000s ]
NOTIC: [8] Use of undefined constant num - assumed 'num' D:\phpStudy\WWW\20161011tpshoptcapp\Application\Runtime\Cache\Home\ecd6c5bea5115879e25bfec4026f713b.php 第 35 行.
NOTIC: [8] Use of undefined constant total_fee - assumed 'total_fee' D:\phpStudy\WWW\20161011tpshoptcapp\Application\Runtime\Cache\Home\ecd6c5bea5115879e25bfec4026f713b.php 第 35 行.
NOTIC: [8] Use of undefined constant anum - assumed 'anum' D:\phpStudy\WWW\20161011tpshoptcapp\Application\Runtime\Cache\Home\ecd6c5bea5115879e25bfec4026f713b.php 第 39 行.
NOTIC: [8] Undefined index: anum D:\phpStudy\WWW\20161011tpshoptcapp\Application\Runtime\Cache\Home\ecd6c5bea5115879e25bfec4026f713b.php 第 39 行.
INFO: Run Behavior\ParseTemplateBehavior [ RunTime:0.016000s ]
INFO: [ view_parse ] --END-- [ RunTime:0.016000s ]
INFO: [ view_filter ] --START--
INFO: Run Behavior\WriteHtmlCacheBehavior [ RunTime:0.001000s ]
INFO: Run Behavior\TokenBuildBehavior [ RunTime:0.001000s ]
INFO: [ view_filter ] --END-- [ RunTime:0.002000s ]
INFO: [ app_end ] --START--
INFO: Run Behavior\ShowPageTraceBehavior [ RunTime:0.001000s ]
INFO: [ app_end ] --END-- [ RunTime:0.001000s ]

