[ 2016-12-15T09:51:08+08:00 ] 127.0.0.1 /index.php/Admin/System/cleanCache
INFO: [ app_begin ] --START--
INFO: Run Behavior\ReadHtmlCacheBehavior [ RunTime:0.001000s ]
INFO: [ app_begin ] --END-- [ RunTime:0.001000s ]
NOTIC: [8] Undefined index: cleanCache D:\phpStudy\WWW\20161011tpshoptcapp\Application\Admin\Common\function.php 第 69 行.
INFO: [ view_begin ] --START--
INFO: Run Home\Behaviors\testBehavior [ RunTime:0.001000s ]
INFO: [ view_begin ] --END-- [ RunTime:0.001000s ]
INFO: [ view_parse ] --START--
INFO: [ template_filter ] --START--
INFO: Run Behavior\ContentReplaceBehavior [ RunTime:0.000000s ]
INFO: [ template_filter ] --END-- [ RunTime:0.001000s ]
INFO: Run Behavior\ParseTemplateBehavior [ RunTime:0.010000s ]
INFO: [ view_parse ] --END-- [ RunTime:0.010000s ]
INFO: [ view_filter ] --START--
INFO: Run Behavior\WriteHtmlCacheBehavior [ RunTime:0.000000s ]
INFO: Run Behavior\TokenBuildBehavior [ RunTime:0.001000s ]
INFO: [ view_filter ] --END-- [ RunTime:0.001000s ]

[ 2016-12-15T09:51:10+08:00 ] 127.0.0.1 /index.php/Admin/System/cleanCache
INFO: [ app_begin ] --START--
INFO: Run Behavior\ReadHtmlCacheBehavior [ RunTime:0.000000s ]
INFO: [ app_begin ] --END-- [ RunTime:0.001000s ]
NOTIC: [8] Undefined index: cleanCache D:\phpStudy\WWW\20161011tpshoptcapp\Application\Admin\Common\function.php 第 69 行.
INFO: [ view_begin ] --START--
INFO: Run Home\Behaviors\testBehavior [ RunTime:0.000000s ]
INFO: [ view_begin ] --END-- [ RunTime:0.000000s ]
INFO: [ view_parse ] --START--
INFO: [ template_filter ] --START--
INFO: Run Behavior\ContentReplaceBehavior [ RunTime:0.000000s ]
INFO: [ template_filter ] --END-- [ RunTime:0.000000s ]
INFO: Run Behavior\ParseTemplateBehavior [ RunTime:0.008000s ]
INFO: [ view_parse ] --END-- [ RunTime:0.008000s ]
INFO: [ view_filter ] --START--
INFO: Run Behavior\WriteHtmlCacheBehavior [ RunTime:0.001000s ]
INFO: Run Behavior\TokenBuildBehavior [ RunTime:0.000000s ]
INFO: [ view_filter ] --END-- [ RunTime:0.001000s ]
INFO: [ app_end ] --START--
INFO: Run Behavior\ShowPageTraceBehavior [ RunTime:0.001000s ]
INFO: [ app_end ] --END-- [ RunTime:0.001000s ]

[ 2016-12-15T10:16:34+08:00 ] 127.0.0.1 /index.php/Admin/Goods/categoryList
INFO: [ app_begin ] --START--
INFO: Run Behavior\ReadHtmlCacheBehavior [ RunTime:0.001000s ]
INFO: [ app_begin ] --END-- [ RunTime:0.001000s ]
INFO: [ view_begin ] --START--
INFO: Run Home\Behaviors\testBehavior [ RunTime:0.001000s ]
INFO: [ view_begin ] --END-- [ RunTime:0.001000s ]
INFO: [ view_parse ] --START--
INFO: [ template_filter ] --START--
INFO: Run Behavior\ContentReplaceBehavior [ RunTime:0.000000s ]
INFO: [ template_filter ] --END-- [ RunTime:0.000000s ]
NOTIC: [8] Use of undefined constant level - assumed 'level' D:\phpStudy\WWW\20161011tpshoptcapp\Application\Runtime\Cache\Admin\83974538ecda025b39358b0db8629987.php 第 160 行.
NOTIC: [8] Use of undefined constant level - assumed 'level' D:\phpStudy\WWW\20161011tpshoptcapp\Application\Runtime\Cache\Admin\83974538ecda025b39358b0db8629987.php 第 162 行.
NOTIC: [8] Use of undefined constant is_hot - assumed 'is_hot' D:\phpStudy\WWW\20161011tpshoptcapp\Application\Runtime\Cache\Admin\83974538ecda025b39358b0db8629987.php 第 168 行.
NOTIC: [8] Use of undefined constant is_show - assumed 'is_show' D:\phpStudy\WWW\20161011tpshoptcapp\Application\Runtime\Cache\Admin\83974538ecda025b39358b0db8629987.php 第 171 行.
NOTIC: [8] Use of undefined constant level - assumed 'level' D:\phpStudy\WWW\20161011tpshoptcapp\Application\Runtime\Cache\Admin\83974538ecda025b39358b0db8629987.php 第 160 行.
NOTIC: [8] Use of undefined constant level - assumed 'level' D:\phpStudy\WWW\20161011tpshoptcapp\Application\Runtime\Cache\Admin\83974538ecda025b39358b0db8629987.php 第 162 行.
NOTIC: [8] Undefined index: have_son D:\phpStudy\WWW\20161011tpshoptcapp\Application\Runtime\Cache\Admin\83974538ecda025b39358b0db8629987.php 第 163 行.
NOTIC: [8] Use of undefined constant is_hot - assumed 'is_hot' D:\phpStudy\WWW\20161011tpshoptcapp\Application\Runtime\Cache\Admin\83974538ecda025b39358b0db8629987.php 第 168 行.
NOTIC: [8] Use of undefined constant is_show - assumed 'is_show' D:\phpStudy\WWW\20161011tpshoptcapp\Application\Runtime\Cache\Admin\83974538ecda025b39358b0db8629987.php 第 171 行.
NOTIC: [8] Use of undefined constant level - assumed 'level' D:\phpStudy\WWW\20161011tpshoptcapp\Application\Runtime\Cache\Admin\83974538ecda025b39358b0db8629987.php 第 160 行.
NOTIC: [8] Use of undefined constant level - assumed 'level' D:\phpStudy\WWW\20161011tpshoptcapp\Application\Runtime\Cache\Admin\83974538ecda025b39358b0db8629987.php 第 162 行.
NOTIC: [8] Undefined index: have_son D:\phpStudy\WWW\20161011tpshoptcapp\Application\Runtime\Cache\Admin\83974538ecda025b39358b0db8629987.php 第 163 行.
NOTIC: [8] Use of undefined constant is_hot - assumed 'is_hot' D:\phpStudy\WWW\20161011tpshoptcapp\Application\Runtime\Cache\Admin\83974538ecda025b39358b0db8629987.php 第 168 行.
NOTIC: [8] Use of undefined constant is_show - assumed 'is_show' D:\phpStudy\WWW\20161011tpshoptcapp\Application\Runtime\Cache\Admin\83974538ecda025b39358b0db8629987.php 第 171 行.
NOTIC: [8] Use of undefined constant level - assumed 'level' D:\phpStudy\WWW\20161011tpshoptcapp\Application\Runtime\Cache\Admin\83974538ecda025b39358b0db8629987.php 第 160 行.
NOTIC: [8] Use of undefined constant level - assumed 'level' D:\phpStudy\WWW\20161011tpshoptcapp\Application\Runtime\Cache\Admin\83974538ecda025b39358b0db8629987.php 第 162 行.
NOTIC: [8] Undefined index: have_son D:\phpStudy\WWW\20161011tpshoptcapp\Application\Runtime\Cache\Admin\83974538ecda025b39358b0db8629987.php 第 163 行.
NOTIC: [8] Use of undefined constant is_hot - assumed 'is_hot' D:\phpStudy\WWW\20161011tpshoptcapp\Application\Runtime\Cache\Admin\83974538ecda025b39358b0db8629987.php 第 168 行.
NOTIC: [8] Use of undefined constant is_show - assumed 'is_show' D:\phpStudy\WWW\20161011tpshoptcapp\Application\Runtime\Cache\Admin\83974538ecda025b39358b0db8629987.php 第 171 行.
NOTIC: [8] Use of undefined constant level - assumed 'level' D:\phpStudy\WWW\20161011tpshoptcapp\Application\Runtime\Cache\Admin\83974538ecda025b39358b0db8629987.php 第 160 行.
NOTIC: [8] Use of undefined constant level - assumed 'level' D:\phpStudy\WWW\20161011tpshoptcapp\Application\Runtime\Cache\Admin\83974538ecda025b39358b0db8629987.php 第 162 行.
NOTIC: [8] Undefined index: have_son D:\phpStudy\WWW\20161011tpshoptcapp\Application\Runtime\Cache\Admin\83974538ecda025b39358b0db8629987.php 第 163 行.
NOTIC: [8] Use of undefined constant is_hot - assumed 'is_hot' D:\phpStudy\WWW\20161011tpshoptcapp\Application\Runtime\Cache\Admin\83974538ecda025b39358b0db8629987.php 第 168 行.
NOTIC: [8] Use of undefined constant is_show - assumed 'is_show' D:\phpStudy\WWW\20161011tpshoptcapp\Application\Runtime\Cache\Admin\83974538ecda025b39358b0db8629987.php 第 171 行.
NOTIC: [8] Use of undefined constant level - assumed 'level' D:\phpStudy\WWW\20161011tpshoptcapp\Application\Runtime\Cache\Admin\83974538ecda025b39358b0db8629987.php 第 160 行.
NOTIC: [8] Use of undefined constant level - assumed 'level' D:\phpStudy\WWW\20161011tpshoptcapp\Application\Runtime\Cache\Admin\83974538ecda025b39358b0db8629987.php 第 162 行.
NOTIC: [8] Undefined index: have_son D:\phpStudy\WWW\20161011tpshoptcapp\Application\Runtime\Cache\Admin\83974538ecda025b39358b0db8629987.php 第 163 行.
NOTIC: [8] Use of undefined constant is_hot - assumed 'is_hot' D:\phpStudy\WWW\20161011tpshoptcapp\Application\Runtime\Cache\Admin\83974538ecda025b39358b0db8629987.php 第 168 行.
NOTIC: [8] Use of undefined constant is_show - assumed 'is_show' D:\phpStudy\WWW\20161011tpshoptcapp\Application\Runtime\Cache\Admin\83974538ecda025b39358b0db8629987.php 第 171 行.
NOTIC: [8] Use of undefined constant level - assumed 'level' D:\phpStudy\WWW\20161011tpshoptcapp\Application\Runtime\Cache\Admin\83974538ecda025b39358b0db8629987.php 第 160 行.
NOTIC: [8] Use of undefined constant level - assumed 'level' D:\phpStudy\WWW\20161011tpshoptcapp\Application\Runtime\Cache\Admin\83974538ecda025b39358b0db8629987.php 第 162 行.
NOTIC: [8] Use of undefined constant is_hot - assumed 'is_hot' D:\phpStudy\WWW\20161011tpshoptcapp\Application\Runtime\Cache\Admin\83974538ecda025b39358b0db8629987.php 第 168 行.
NOTIC: [8] Use of undefined constant is_show - assumed 'is_show' D:\phpStudy\WWW\20161011tpshoptcapp\Application\Runtime\Cache\Admin\83974538ecda025b39358b0db8629987.php 第 171 行.
NOTIC: [8] Use of undefined constant level - assumed 'level' D:\phpStudy\WWW\20161011tpshoptcapp\Application\Runtime\Cache\Admin\83974538ecda025b39358b0db8629987.php 第 160 行.
NOTIC: [8] Use of undefined constant level - assumed 'level' D:\phpStudy\WWW\20161011tpshoptcapp\Application\Runtime\Cache\Admin\83974538ecda025b39358b0db8629987.php 第 162 行.
NOTIC: [8] Undefined index: have_son D:\phpStudy\WWW\20161011tpshoptcapp\Application\Runtime\Cache\Admin\83974538ecda025b39358b0db8629987.php 第 163 行.
NOTIC: [8] Use of undefined constant is_hot - assumed 'is_hot' D:\phpStudy\WWW\20161011tpshoptcapp\Application\Runtime\Cache\Admin\83974538ecda025b39358b0db8629987.php 第 168 行.
NOTIC: [8] Use of undefined constant is_show - assumed 'is_show' D:\phpStudy\WWW\20161011tpshoptcapp\Application\Runtime\Cache\Admin\83974538ecda025b39358b0db8629987.php 第 171 行.
NOTIC: [8] Use of undefined constant level - assumed 'level' D:\phpStudy\WWW\20161011tpshoptcapp\Application\Runtime\Cache\Admin\83974538ecda025b39358b0db8629987.php 第 160 行.
NOTIC: [8] Use of undefined constant level - assumed 'level' D:\phpStudy\WWW\20161011tpshoptcapp\Application\Runtime\Cache\Admin\83974538ecda025b39358b0db8629987.php 第 162 行.
NOTIC: [8] Undefined index: have_son D:\phpStudy\WWW\20161011tpshoptcapp\Application\Runtime\Cache\Admin\83974538ecda025b39358b0db8629987.php 第 163 行.
NOTIC: [8] Use of undefined constant is_hot - assumed 'is_hot' D:\phpStudy\WWW\20161011tpshoptcapp\Application\Runtime\Cache\Admin\83974538ecda025b39358b0db8629987.php 第 168 行.
NOTIC: [8] Use of undefined constant is_show - assumed 'is_show' D:\phpStudy\WWW\20161011tpshoptcapp\Application\Runtime\Cache\Admin\83974538ecda025b39358b0db8629987.php 第 171 行.
NOTIC: [8] Use of undefined constant level - assumed 'level' D:\phpStudy\WWW\20161011tpshoptcapp\Application\Runtime\Cache\Admin\83974538ecda025b39358b0db8629987.php 第 160 行.
NOTIC: [8] Use of undefined constant level - assumed 'level' D:\phpStudy\WWW\20161011tpshoptcapp\Application\Runtime\Cache\Admin\83974538ecda025b39358b0db8629987.php 第 162 行.
NOTIC: [8] Undefined index: have_son D:\phpStudy\WWW\20161011tpshoptcapp\Application\Runtime\Cache\Admin\83974538ecda025b39358b0db8629987.php 第 163 行.
NOTIC: [8] Use of undefined constant is_hot - assumed 'is_hot' D:\phpStudy\WWW\20161011tpshoptcapp\Application\Runtime\Cache\Admin\83974538ecda025b39358b0db8629987.php 第 168 行.
NOTIC: [8] Use of undefined constant is_show - assumed 'is_show' D:\phpStudy\WWW\20161011tpshoptcapp\Application\Runtime\Cache\Admin\83974538ecda025b39358b0db8629987.php 第 171 行.
NOTIC: [8] Use of undefined constant level - assumed 'level' D:\phpStudy\WWW\20161011tpshoptcapp\Application\Runtime\Cache\Admin\83974538ecda025b39358b0db8629987.php 第 160 行.
NOTIC: [8] Use of undefined constant level - assumed 'level' D:\phpStudy\WWW\20161011tpshoptcapp\Application\Runtime\Cache\Admin\83974538ecda025b39358b0db8629987.php 第 162 行.
NOTIC: [8] Use of undefined constant is_hot - assumed 'is_hot' D:\phpStudy\WWW\20161011tpshoptcapp\Application\Runtime\Cache\Admin\83974538ecda025b39358b0db8629987.php 第 168 行.
NOTIC: [8] Use of undefined constant is_show - assumed 'is_show' D:\phpStudy\WWW\20161011tpshoptcapp\Application\Runtime\Cache\Admin\83974538ecda025b39358b0db8629987.php 第 171 行.
NOTIC: [8] Use of undefined constant level - assumed 'level' D:\phpStudy\WWW\20161011tpshoptcapp\Application\Runtime\Cache\Admin\83974538ecda025b39358b0db8629987.php 第 160 行.
NOTIC: [8] Use of undefined constant level - assumed 'level' D:\phpStudy\WWW\20161011tpshoptcapp\Application\Runtime\Cache\Admin\83974538ecda025b39358b0db8629987.php 第 162 行.
NOTIC: [8] Undefined index: have_son D:\phpStudy\WWW\20161011tpshoptcapp\Application\Runtime\Cache\Admin\83974538ecda025b39358b0db8629987.php 第 163 行.
NOTIC: [8] Use of undefined constant is_hot - assumed 'is_hot' D:\phpStudy\WWW\20161011tpshoptcapp\Application\Runtime\Cache\Admin\83974538ecda025b39358b0db8629987.php 第 168 行.
NOTIC: [8] Use of undefined constant is_show - assumed 'is_show' D:\phpStudy\WWW\20161011tpshoptcapp\Application\Runtime\Cache\Admin\83974538ecda025b39358b0db8629987.php 第 171 行.
NOTIC: [8] Use of undefined constant level - assumed 'level' D:\phpStudy\WWW\20161011tpshoptcapp\Application\Runtime\Cache\Admin\83974538ecda025b39358b0db8629987.php 第 160 行.
NOTIC: [8] Use of undefined constant level - assumed 'level' D:\phpStudy\WWW\20161011tpshoptcapp\Application\Runtime\Cache\Admin\83974538ecda025b39358b0db8629987.php 第 162 行.
NOTIC: [8] Undefined index: have_son D:\phpStudy\WWW\20161011tpshoptcapp\Application\Runtime\Cache\Admin\83974538ecda025b39358b0db8629987.php 第 163 行.
NOTIC: [8] Use of undefined constant is_hot - assumed 'is_hot' D:\phpStudy\WWW\20161011tpshoptcapp\Application\Runtime\Cache\Admin\83974538ecda025b39358b0db8629987.php 第 168 行.
NOTIC: [8] Use of undefined constant is_show - assumed 'is_show' D:\phpStudy\WWW\20161011tpshoptcapp\Application\Runtime\Cache\Admin\83974538ecda025b39358b0db8629987.php 第 171 行.
NOTIC: [8] Use of undefined constant level - assumed 'level' D:\phpStudy\WWW\20161011tpshoptcapp\Application\Runtime\Cache\Admin\83974538ecda025b39358b0db8629987.php 第 160 行.
NOTIC: [8] Use of undefined constant level - assumed 'level' D:\phpStudy\WWW\20161011tpshoptcapp\Application\Runtime\Cache\Admin\83974538ecda025b39358b0db8629987.php 第 162 行.
NOTIC: [8] Undefined index: have_son D:\phpStudy\WWW\20161011tpshoptcapp\Application\Runtime\Cache\Admin\83974538ecda025b39358b0db8629987.php 第 163 行.
NOTIC: [8] Use of undefined constant is_hot - assumed 'is_hot' D:\phpStudy\WWW\20161011tpshoptcapp\Application\Runtime\Cache\Admin\83974538ecda025b39358b0db8629987.php 第 168 行.
NOTIC: [8] Use of undefined constant is_show - assumed 'is_show' D:\phpStudy\WWW\20161011tpshoptcapp\Application\Runtime\Cache\Admin\83974538ecda025b39358b0db8629987.php 第 171 行.
NOTIC: [8] Use of undefined constant level - assumed 'level' D:\phpStudy\WWW\20161011tpshoptcapp\Application\Runtime\Cache\Admin\83974538ecda025b39358b0db8629987.php 第 160 行.
NOTIC: [8] Use of undefined constant level - assumed 'level' D:\phpStudy\WWW\20161011tpshoptcapp\Application\Runtime\Cache\Admin\83974538ecda025b39358b0db8629987.php 第 162 行.
NOTIC: [8] Undefined index: have_son D:\phpStudy\WWW\20161011tpshoptcapp\Application\Runtime\Cache\Admin\83974538ecda025b39358b0db8629987.php 第 163 行.
NOTIC: [8] Use of undefined constant is_hot - assumed 'is_hot' D:\phpStudy\WWW\20161011tpshoptcapp\Application\Runtime\Cache\Admin\83974538ecda025b39358b0db8629987.php 第 168 行.
NOTIC: [8] Use of undefined constant is_show - assumed 'is_show' D:\phpStudy\WWW\20161011tpshoptcapp\Application\Runtime\Cache\Admin\83974538ecda025b39358b0db8629987.php 第 171 行.
NOTIC: [8] Use of undefined constant level - assumed 'level' D:\phpStudy\WWW\20161011tpshoptcapp\Application\Runtime\Cache\Admin\83974538ecda025b39358b0db8629987.php 第 160 行.
NOTIC: [8] Use of undefined constant level - assumed 'level' D:\phpStudy\WWW\20161011tpshoptcapp\Application\Runtime\Cache\Admin\83974538ecda025b39358b0db8629987.php 第 162 行.
NOTIC: [8] Undefined index: have_son D:\phpStudy\WWW\20161011tpshoptcapp\Application\Runtime\Cache\Admin\83974538ecda025b39358b0db8629987.php 第 163 行.
NOTIC: [8] Use of undefined constant is_hot - assumed 'is_hot' D:\phpStudy\WWW\20161011tpshoptcapp\Application\Runtime\Cache\Admin\83974538ecda025b39358b0db8629987.php 第 168 行.
NOTIC: [8] Use of undefined constant is_show - assumed 'is_show' D:\phpStudy\WWW\20161011tpshoptcapp\Application\Runtime\Cache\Admin\83974538ecda025b39358b0db8629987.php 第 171 行.
NOTIC: [8] Use of undefined constant level - assumed 'level' D:\phpStudy\WWW\20161011tpshoptcapp\Application\Runtime\Cache\Admin\83974538ecda025b39358b0db8629987.php 第 160 行.
NOTIC: [8] Use of undefined constant level - assumed 'level' D:\phpStudy\WWW\20161011tpshoptcapp\Application\Runtime\Cache\Admin\83974538ecda025b39358b0db8629987.php 第 162 行.
NOTIC: [8] Undefined index: have_son D:\phpStudy\WWW\20161011tpshoptcapp\Application\Runtime\Cache\Admin\83974538ecda025b39358b0db8629987.php 第 163 行.
NOTIC: [8] Use of undefined constant is_hot - assumed 'is_hot' D:\phpStudy\WWW\20161011tpshoptcapp\Application\Runtime\Cache\Admin\83974538ecda025b39358b0db8629987.php 第 168 行.
NOTIC: [8] Use of undefined constant is_show - assumed 'is_show' D:\phpStudy\WWW\20161011tpshoptcapp\Application\Runtime\Cache\Admin\83974538ecda025b39358b0db8629987.php 第 171 行.
NOTIC: [8] Use of undefined constant level - assumed 'level' D:\phpStudy\WWW\20161011tpshoptcapp\Application\Runtime\Cache\Admin\83974538ecda025b39358b0db8629987.php 第 160 行.
NOTIC: [8] Use of undefined constant level - assumed 'level' D:\phpStudy\WWW\20161011tpshoptcapp\Application\Runtime\Cache\Admin\83974538ecda025b39358b0db8629987.php 第 162 行.
NOTIC: [8] Undefined index: have_son D:\phpStudy\WWW\20161011tpshoptcapp\Application\Runtime\Cache\Admin\83974538ecda025b39358b0db8629987.php 第 163 行.
NOTIC: [8] Use of undefined constant is_hot - assumed 'is_hot' D:\phpStudy\WWW\20161011tpshoptcapp\Application\Runtime\Cache\Admin\83974538ecda025b39358b0db8629987.php 第 168 行.
NOTIC: [8] Use of undefined constant is_show - assumed 'is_show' D:\phpStudy\WWW\20161011tpshoptcapp\Application\Runtime\Cache\Admin\83974538ecda025b39358b0db8629987.php 第 171 行.
NOTIC: [8] Use of undefined constant level - assumed 'level' D:\phpStudy\WWW\20161011tpshoptcapp\Application\Runtime\Cache\Admin\83974538ecda025b39358b0db8629987.php 第 160 行.
NOTIC: [8] Use of undefined constant level - assumed 'level' D:\phpStudy\WWW\20161011tpshoptcapp\Application\Runtime\Cache\Admin\83974538ecda025b39358b0db8629987.php 第 162 行.
NOTIC: [8] Use of undefined constant is_hot - assumed 'is_hot' D:\phpStudy\WWW\20161011tpshoptcapp\Application\Runtime\Cache\Admin\83974538ecda025b39358b0db8629987.php 第 168 行.
NOTIC: [8] Use of undefined constant is_show - assumed 'is_show' D:\phpStudy\WWW\20161011tpshoptcapp\Application\Runtime\Cache\Admin\83974538ecda025b39358b0db8629987.php 第 171 行.
NOTIC: [8] Use of undefined constant level - assumed 'level' D:\phpStudy\WWW\20161011tpshoptcapp\Application\Runtime\Cache\Admin\83974538ecda025b39358b0db8629987.php 第 160 行.
NOTIC: [8] Use of undefined constant level - assumed 'level' D:\phpStudy\WWW\20161011tpshoptcapp\Application\Runtime\Cache\Admin\83974538ecda025b39358b0db8629987.php 第 162 行.
NOTIC: [8] Undefined index: have_son D:\phpStudy\WWW\20161011tpshoptcapp\Application\Runtime\Cache\Admin\83974538ecda025b39358b0db8629987.php 第 163 行.
NOTIC: [8] Use of undefined constant is_hot - assumed 'is_hot' D:\phpStudy\WWW\20161011tpshoptcapp\Application\Runtime\Cache\Admin\83974538ecda025b39358b0db8629987.php 第 168 行.
NOTIC: [8] Use of undefined constant is_show - assumed 'is_show' D:\phpStudy\WWW\20161011tpshoptcapp\Application\Runtime\Cache\Admin\83974538ecda025b39358b0db8629987.php 第 171 行.
NOTIC: [8] Use of undefined constant level - assumed 'level' D:\phpStudy\WWW\20161011tpshoptcapp\Application\Runtime\Cache\Admin\83974538ecda025b39358b0db8629987.php 第 160 行.
NOTIC: [8] Use of undefined constant level - assumed 'level' D:\phpStudy\WWW\20161011tpshoptcapp\Application\Runtime\Cache\Admin\83974538ecda025b39358b0db8629987.php 第 162 行.
NOTIC: [8] Undefined index: have_son D:\phpStudy\WWW\20161011tpshoptcapp\Application\Runtime\Cache\Admin\83974538ecda025b39358b0db8629987.php 第 163 行.
NOTIC: [8] Use of undefined constant is_hot - assumed 'is_hot' D:\phpStudy\WWW\20161011tpshoptcapp\Application\Runtime\Cache\Admin\83974538ecda025b39358b0db8629987.php 第 168 行.
NOTIC: [8] Use of undefined constant is_show - assumed 'is_show' D:\phpStudy\WWW\20161011tpshoptcapp\Application\Runtime\Cache\Admin\83974538ecda025b39358b0db8629987.php 第 171 行.
NOTIC: [8] Use of undefined constant level - assumed 'level' D:\phpStudy\WWW\20161011tpshoptcapp\Application\Runtime\Cache\Admin\83974538ecda025b39358b0db8629987.php 第 160 行.
NOTIC: [8] Use of undefined constant level - assumed 'level' D:\phpStudy\WWW\20161011tpshoptcapp\Application\Runtime\Cache\Admin\83974538ecda025b39358b0db8629987.php 第 162 行.
NOTIC: [8] Undefined index: have_son D:\phpStudy\WWW\20161011tpshoptcapp\Application\Runtime\Cache\Admin\83974538ecda025b39358b0db8629987.php 第 163 行.
NOTIC: [8] Use of undefined constant is_hot - assumed 'is_hot' D:\phpStudy\WWW\20161011tpshoptcapp\Application\Runtime\Cache\Admin\83974538ecda025b39358b0db8629987.php 第 168 行.
NOTIC: [8] Use of undefined constant is_show - assumed 'is_show' D:\phpStudy\WWW\20161011tpshoptcapp\Application\Runtime\Cache\Admin\83974538ecda025b39358b0db8629987.php 第 171 行.
NOTIC: [8] Use of undefined constant level - assumed 'level' D:\phpStudy\WWW\20161011tpshoptcapp\Application\Runtime\Cache\Admin\83974538ecda025b39358b0db8629987.php 第 160 行.
NOTIC: [8] Use of undefined constant level - assumed 'level' D:\phpStudy\WWW\20161011tpshoptcapp\Application\Runtime\Cache\Admin\83974538ecda025b39358b0db8629987.php 第 162 行.
NOTIC: [8] Use of undefined constant is_hot - assumed 'is_hot' D:\phpStudy\WWW\20161011tpshoptcapp\Application\Runtime\Cache\Admin\83974538ecda025b39358b0db8629987.php 第 168 行.
NOTIC: [8] Use of undefined constant is_show - assumed 'is_show' D:\phpStudy\WWW\20161011tpshoptcapp\Application\Runtime\Cache\Admin\83974538ecda025b39358b0db8629987.php 第 171 行.
NOTIC: [8] Use of undefined constant level - assumed 'level' D:\phpStudy\WWW\20161011tpshoptcapp\Application\Runtime\Cache\Admin\83974538ecda025b39358b0db8629987.php 第 160 行.
NOTIC: [8] Use of undefined constant level - assumed 'level' D:\phpStudy\WWW\20161011tpshoptcapp\Application\Runtime\Cache\Admin\83974538ecda025b39358b0db8629987.php 第 162 行.
NOTIC: [8] Undefined index: have_son D:\phpStudy\WWW\20161011tpshoptcapp\Application\Runtime\Cache\Admin\83974538ecda025b39358b0db8629987.php 第 163 行.
NOTIC: [8] Use of undefined constant is_hot - assumed 'is_hot' D:\phpStudy\WWW\20161011tpshoptcapp\Application\Runtime\Cache\Admin\83974538ecda025b39358b0db8629987.php 第 168 行.
NOTIC: [8] Use of undefined constant is_show - assumed 'is_show' D:\phpStudy\WWW\20161011tpshoptcapp\Application\Runtime\Cache\Admin\83974538ecda025b39358b0db8629987.php 第 171 行.
NOTIC: [8] Use of undefined constant level - assumed 'level' D:\phpStudy\WWW\20161011tpshoptcapp\Application\Runtime\Cache\Admin\83974538ecda025b39358b0db8629987.php 第 160 行.
NOTIC: [8] Use of undefined constant level - assumed 'level' D:\phpStudy\WWW\20161011tpshoptcapp\Application\Runtime\Cache\Admin\83974538ecda025b39358b0db8629987.php 第 162 行.
NOTIC: [8] Undefined index: have_son D:\phpStudy\WWW\20161011tpshoptcapp\Application\Runtime\Cache\Admin\83974538ecda025b39358b0db8629987.php 第 163 行.
NOTIC: [8] Use of undefined constant is_hot - assumed 'is_hot' D:\phpStudy\WWW\20161011tpshoptcapp\Application\Runtime\Cache\Admin\83974538ecda025b39358b0db8629987.php 第 168 行.
NOTIC: [8] Use of undefined constant is_show - assumed 'is_show' D:\phpStudy\WWW\20161011tpshoptcapp\Application\Runtime\Cache\Admin\83974538ecda025b39358b0db8629987.php 第 171 行.
NOTIC: [8] Use of undefined constant level - assumed 'level' D:\phpStudy\WWW\20161011tpshoptcapp\Application\Runtime\Cache\Admin\83974538ecda025b39358b0db8629987.php 第 160 行.
NOTIC: [8] Use of undefined constant level - assumed 'level' D:\phpStudy\WWW\20161011tpshoptcapp\Application\Runtime\Cache\Admin\83974538ecda025b39358b0db8629987.php 第 162 行.
NOTIC: [8] Undefined index: have_son D:\phpStudy\WWW\20161011tpshoptcapp\Application\Runtime\Cache\Admin\83974538ecda025b39358b0db8629987.php 第 163 行.
NOTIC: [8] Use of undefined constant is_hot - assumed 'is_hot' D:\phpStudy\WWW\20161011tpshoptcapp\Application\Runtime\Cache\Admin\83974538ecda025b39358b0db8629987.php 第 168 行.
NOTIC: [8] Use of undefined constant is_show - assumed 'is_show' D:\phpStudy\WWW\20161011tpshoptcapp\Application\Runtime\Cache\Admin\83974538ecda025b39358b0db8629987.php 第 171 行.
NOTIC: [8] Use of undefined constant level - assumed 'level' D:\phpStudy\WWW\20161011tpshoptcapp\Application\Runtime\Cache\Admin\83974538ecda025b39358b0db8629987.php 第 160 行.
NOTIC: [8] Use of undefined constant level - assumed 'level' D:\phpStudy\WWW\20161011tpshoptcapp\Application\Runtime\Cache\Admin\83974538ecda025b39358b0db8629987.php 第 162 行.
NOTIC: [8] Use of undefined constant is_hot - assumed 'is_hot' D:\phpStudy\WWW\20161011tpshoptcapp\Application\Runtime\Cache\Admin\83974538ecda025b39358b0db8629987.php 第 168 行.
NOTIC: [8] Use of undefined constant is_show - assumed 'is_show' D:\phpStudy\WWW\20161011tpshoptcapp\Application\Runtime\Cache\Admin\83974538ecda025b39358b0db8629987.php 第 171 行.
NOTIC: [8] Use of undefined constant level - assumed 'level' D:\phpStudy\WWW\20161011tpshoptcapp\Application\Runtime\Cache\Admin\83974538ecda025b39358b0db8629987.php 第 160 行.
NOTIC: [8] Use of undefined constant level - assumed 'level' D:\phpStudy\WWW\20161011tpshoptcapp\Application\Runtime\Cache\Admin\83974538ecda025b39358b0db8629987.php 第 162 行.
NOTIC: [8] Undefined index: have_son D:\phpStudy\WWW\20161011tpshoptcapp\Application\Runtime\Cache\Admin\83974538ecda025b39358b0db8629987.php 第 163 行.
NOTIC: [8] Use of undefined constant is_hot - assumed 'is_hot' D:\phpStudy\WWW\20161011tpshoptcapp\Application\Runtime\Cache\Admin\83974538ecda025b39358b0db8629987.php 第 168 行.
NOTIC: [8] Use of undefined constant is_show - assumed 'is_show' D:\phpStudy\WWW\20161011tpshoptcapp\Application\Runtime\Cache\Admin\83974538ecda025b39358b0db8629987.php 第 171 行.
NOTIC: [8] Use of undefined constant level - assumed 'level' D:\phpStudy\WWW\20161011tpshoptcapp\Application\Runtime\Cache\Admin\83974538ecda025b39358b0db8629987.php 第 160 行.
NOTIC: [8] Use of undefined constant level - assumed 'level' D:\phpStudy\WWW\20161011tpshoptcapp\Application\Runtime\Cache\Admin\83974538ecda025b39358b0db8629987.php 第 162 行.
NOTIC: [8] Undefined index: have_son D:\phpStudy\WWW\20161011tpshoptcapp\Application\Runtime\Cache\Admin\83974538ecda025b39358b0db8629987.php 第 163 行.
NOTIC: [8] Use of undefined constant is_hot - assumed 'is_hot' D:\phpStudy\WWW\20161011tpshoptcapp\Application\Runtime\Cache\Admin\83974538ecda025b39358b0db8629987.php 第 168 行.
NOTIC: [8] Use of undefined constant is_show - assumed 'is_show' D:\phpStudy\WWW\20161011tpshoptcapp\Application\Runtime\Cache\Admin\83974538ecda025b39358b0db8629987.php 第 171 行.
NOTIC: [8] Use of undefined constant level - assumed 'level' D:\phpStudy\WWW\20161011tpshoptcapp\Application\Runtime\Cache\Admin\83974538ecda025b39358b0db8629987.php 第 160 行.
NOTIC: [8] Use of undefined constant level - assumed 'level' D:\phpStudy\WWW\20161011tpshoptcapp\Application\Runtime\Cache\Admin\83974538ecda025b39358b0db8629987.php 第 162 行.
NOTIC: [8] Undefined index: have_son D:\phpStudy\WWW\20161011tpshoptcapp\Application\Runtime\Cache\Admin\83974538ecda025b39358b0db8629987.php 第 163 行.
NOTIC: [8] Use of undefined constant is_hot - assumed 'is_hot' D:\phpStudy\WWW\20161011tpshoptcapp\Application\Runtime\Cache\Admin\83974538ecda025b39358b0db8629987.php 第 168 行.
NOTIC: [8] Use of undefined constant is_show - assumed 'is_show' D:\phpStudy\WWW\20161011tpshoptcapp\Application\Runtime\Cache\Admin\83974538ecda025b39358b0db8629987.php 第 171 行.
NOTIC: [8] Use of undefined constant level - assumed 'level' D:\phpStudy\WWW\20161011tpshoptcapp\Application\Runtime\Cache\Admin\83974538ecda025b39358b0db8629987.php 第 160 行.
NOTIC: [8] Use of undefined constant level - assumed 'level' D:\phpStudy\WWW\20161011tpshoptcapp\Application\Runtime\Cache\Admin\83974538ecda025b39358b0db8629987.php 第 162 行.
NOTIC: [8] Undefined index: have_son D:\phpStudy\WWW\20161011tpshoptcapp\Application\Runtime\Cache\Admin\83974538ecda025b39358b0db8629987.php 第 163 行.
NOTIC: [8] Use of undefined constant is_hot - assumed 'is_hot' D:\phpStudy\WWW\20161011tpshoptcapp\Application\Runtime\Cache\Admin\83974538ecda025b39358b0db8629987.php 第 168 行.
NOTIC: [8] Use of undefined constant is_show - assumed 'is_show' D:\phpStudy\WWW\20161011tpshoptcapp\Application\Runtime\Cache\Admin\83974538ecda025b39358b0db8629987.php 第 171 行.
NOTIC: [8] Use of undefined constant level - assumed 'level' D:\phpStudy\WWW\20161011tpshoptcapp\Application\Runtime\Cache\Admin\83974538ecda025b39358b0db8629987.php 第 160 行.
NOTIC: [8] Use of undefined constant level - assumed 'level' D:\phpStudy\WWW\20161011tpshoptcapp\Application\Runtime\Cache\Admin\83974538ecda025b39358b0db8629987.php 第 162 行.
NOTIC: [8] Undefined index: have_son D:\phpStudy\WWW\20161011tpshoptcapp\Application\Runtime\Cache\Admin\83974538ecda025b39358b0db8629987.php 第 163 行.
NOTIC: [8] Use of undefined constant is_hot - assumed 'is_hot' D:\phpStudy\WWW\20161011tpshoptcapp\Application\Runtime\Cache\Admin\83974538ecda025b39358b0db8629987.php 第 168 行.
NOTIC: [8] Use of undefined constant is_show - assumed 'is_show' D:\phpStudy\WWW\20161011tpshoptcapp\Application\Runtime\Cache\Admin\83974538ecda025b39358b0db8629987.php 第 171 行.
NOTIC: [8] Use of undefined constant level - assumed 'level' D:\phpStudy\WWW\20161011tpshoptcapp\Application\Runtime\Cache\Admin\83974538ecda025b39358b0db8629987.php 第 160 行.
NOTIC: [8] Use of undefined constant level - assumed 'level' D:\phpStudy\WWW\20161011tpshoptcapp\Application\Runtime\Cache\Admin\83974538ecda025b39358b0db8629987.php 第 162 行.
NOTIC: [8] Use of undefined constant is_hot - assumed 'is_hot' D:\phpStudy\WWW\20161011tpshoptcapp\Application\Runtime\Cache\Admin\83974538ecda025b39358b0db8629987.php 第 168 行.
NOTIC: [8] Use of undefined constant is_show - assumed 'is_show' D:\phpStudy\WWW\20161011tpshoptcapp\Application\Runtime\Cache\Admin\83974538ecda025b39358b0db8629987.php 第 171 行.
NOTIC: [8] Use of undefined constant level - assumed 'level' D:\phpStudy\WWW\20161011tpshoptcapp\Application\Runtime\Cache\Admin\83974538ecda025b39358b0db8629987.php 第 160 行.
NOTIC: [8] Use of undefined constant level - assumed 'level' D:\phpStudy\WWW\20161011tpshoptcapp\Application\Runtime\Cache\Admin\83974538ecda025b39358b0db8629987.php 第 162 行.
NOTIC: [8] Undefined index: have_son D:\phpStudy\WWW\20161011tpshoptcapp\Application\Runtime\Cache\Admin\83974538ecda025b39358b0db8629987.php 第 163 行.
NOTIC: [8] Use of undefined constant is_hot - assumed 'is_hot' D:\phpStudy\WWW\20161011tpshoptcapp\Application\Runtime\Cache\Admin\83974538ecda025b39358b0db8629987.php 第 168 行.
NOTIC: [8] Use of undefined constant is_show - assumed 'is_show' D:\phpStudy\WWW\20161011tpshoptcapp\Application\Runtime\Cache\Admin\83974538ecda025b39358b0db8629987.php 第 171 行.
NOTIC: [8] Use of undefined constant level - assumed 'level' D:\phpStudy\WWW\20161011tpshoptcapp\Application\Runtime\Cache\Admin\83974538ecda025b39358b0db8629987.php 第 160 行.
NOTIC: [8] Use of undefined constant level - assumed 'level' D:\phpStudy\WWW\20161011tpshoptcapp\Application\Runtime\Cache\Admin\83974538ecda025b39358b0db8629987.php 第 162 行.
NOTIC: [8] Undefined index: have_son D:\phpStudy\WWW\20161011tpshoptcapp\Application\Runtime\Cache\Admin\83974538ecda025b39358b0db8629987.php 第 163 行.
NOTIC: [8] Use of undefined constant is_hot - assumed 'is_hot' D:\phpStudy\WWW\20161011tpshoptcapp\Application\Runtime\Cache\Admin\83974538ecda025b39358b0db8629987.php 第 168 行.
NOTIC: [8] Use of undefined constant is_show - assumed 'is_show' D:\phpStudy\WWW\20161011tpshoptcapp\Application\Runtime\Cache\Admin\83974538ecda025b39358b0db8629987.php 第 171 行.
NOTIC: [8] Use of undefined constant level - assumed 'level' D:\phpStudy\WWW\20161011tpshoptcapp\Application\Runtime\Cache\Admin\83974538ecda025b39358b0db8629987.php 第 160 行.
NOTIC: [8] Use of undefined constant level - assumed 'level' D:\phpStudy\WWW\20161011tpshoptcapp\Application\Runtime\Cache\Admin\83974538ecda025b39358b0db8629987.php 第 162 行.
NOTIC: [8] Undefined index: have_son D:\phpStudy\WWW\20161011tpshoptcapp\Application\Runtime\Cache\Admin\83974538ecda025b39358b0db8629987.php 第 163 行.
NOTIC: [8] Use of undefined constant is_hot - assumed 'is_hot' D:\phpStudy\WWW\20161011tpshoptcapp\Application\Runtime\Cache\Admin\83974538ecda025b39358b0db8629987.php 第 168 行.
NOTIC: [8] Use of undefined constant is_show - assumed 'is_show' D:\phpStudy\WWW\20161011tpshoptcapp\Application\Runtime\Cache\Admin\83974538ecda025b39358b0db8629987.php 第 171 行.
NOTIC: [8] Use of undefined constant level - assumed 'level' D:\phpStudy\WWW\20161011tpshoptcapp\Application\Runtime\Cache\Admin\83974538ecda025b39358b0db8629987.php 第 160 行.
NOTIC: [8] Use of undefined constant level - assumed 'level' D:\phpStudy\WWW\20161011tpshoptcapp\Application\Runtime\Cache\Admin\83974538ecda025b39358b0db8629987.php 第 162 行.
NOTIC: [8] Undefined index: have_son D:\phpStudy\WWW\20161011tpshoptcapp\Application\Runtime\Cache\Admin\83974538ecda025b39358b0db8629987.php 第 163 行.
NOTIC: [8] Use of undefined constant is_hot - assumed 'is_hot' D:\phpStudy\WWW\20161011tpshoptcapp\Application\Runtime\Cache\Admin\83974538ecda025b39358b0db8629987.php 第 168 行.
NOTIC: [8] Use of undefined constant is_show - assumed 'is_show' D:\phpStudy\WWW\20161011tpshoptcapp\Application\Runtime\Cache\Admin\83974538ecda025b39358b0db8629987.php 第 171 行.
NOTIC: [8] Use of undefined constant level - assumed 'level' D:\phpStudy\WWW\20161011tpshoptcapp\Application\Runtime\Cache\Admin\83974538ecda025b39358b0db8629987.php 第 160 行.
NOTIC: [8] Use of undefined constant level - assumed 'level' D:\phpStudy\WWW\20161011tpshoptcapp\Application\Runtime\Cache\Admin\83974538ecda025b39358b0db8629987.php 第 162 行.
NOTIC: [8] Undefined index: have_son D:\phpStudy\WWW\20161011tpshoptcapp\Application\Runtime\Cache\Admin\83974538ecda025b39358b0db8629987.php 第 163 行.
NOTIC: [8] Use of undefined constant is_hot - assumed 'is_hot' D:\phpStudy\WWW\20161011tpshoptcapp\Application\Runtime\Cache\Admin\83974538ecda025b39358b0db8629987.php 第 168 行.
NOTIC: [8] Use of undefined constant is_show - assumed 'is_show' D:\phpStudy\WWW\20161011tpshoptcapp\Application\Runtime\Cache\Admin\83974538ecda025b39358b0db8629987.php 第 171 行.
NOTIC: [8] Use of undefined constant level - assumed 'level' D:\phpStudy\WWW\20161011tpshoptcapp\Application\Runtime\Cache\Admin\83974538ecda025b39358b0db8629987.php 第 160 行.
NOTIC: [8] Use of undefined constant level - assumed 'level' D:\phpStudy\WWW\20161011tpshoptcapp\Application\Runtime\Cache\Admin\83974538ecda025b39358b0db8629987.php 第 162 行.
NOTIC: [8] Use of undefined constant is_hot - assumed 'is_hot' D:\phpStudy\WWW\20161011tpshoptcapp\Application\Runtime\Cache\Admin\83974538ecda025b39358b0db8629987.php 第 168 行.
NOTIC: [8] Use of undefined constant is_show - assumed 'is_show' D:\phpStudy\WWW\20161011tpshoptcapp\Application\Runtime\Cache\Admin\83974538ecda025b39358b0db8629987.php 第 171 行.
NOTIC: [8] Use of undefined constant level - assumed 'level' D:\phpStudy\WWW\20161011tpshoptcapp\Application\Runtime\Cache\Admin\83974538ecda025b39358b0db8629987.php 第 160 行.
NOTIC: [8] Use of undefined constant level - assumed 'level' D:\phpStudy\WWW\20161011tpshoptcapp\Application\Runtime\Cache\Admin\83974538ecda025b39358b0db8629987.php 第 162 行.
NOTIC: [8] Undefined index: have_son D:\phpStudy\WWW\20161011tpshoptcapp\Application\Runtime\Cache\Admin\83974538ecda025b39358b0db8629987.php 第 163 行.
NOTIC: [8] Use of undefined constant is_hot - assumed 'is_hot' D:\phpStudy\WWW\20161011tpshoptcapp\Application\Runtime\Cache\Admin\83974538ecda025b39358b0db8629987.php 第 168 行.
NOTIC: [8] Use of undefined constant is_show - assumed 'is_show' D:\phpStudy\WWW\20161011tpshoptcapp\Application\Runtime\Cache\Admin\83974538ecda025b39358b0db8629987.php 第 171 行.
NOTIC: [8] Use of undefined constant level - assumed 'level' D:\phpStudy\WWW\20161011tpshoptcapp\Application\Runtime\Cache\Admin\83974538ecda025b39358b0db8629987.php 第 160 行.
NOTIC: [8] Use of undefined constant level - assumed 'level' D:\phpStudy\WWW\20161011tpshoptcapp\Application\Runtime\Cache\Admin\83974538ecda025b39358b0db8629987.php 第 162 行.
NOTIC: [8] Undefined index: have_son D:\phpStudy\WWW\20161011tpshoptcapp\Application\Runtime\Cache\Admin\83974538ecda025b39358b0db8629987.php 第 163 行.
NOTIC: [8] Use of undefined constant is_hot - assumed 'is_hot' D:\phpStudy\WWW\20161011tpshoptcapp\Application\Runtime\Cache\Admin\83974538ecda025b39358b0db8629987.php 第 168 行.
NOTIC: [8] Use of undefined constant is_show - assumed 'is_show' D:\phpStudy\WWW\20161011tpshoptcapp\Application\Runtime\Cache\Admin\83974538ecda025b39358b0db8629987.php 第 171 行.
NOTIC: [8] Use of undefined constant level - assumed 'level' D:\phpStudy\WWW\20161011tpshoptcapp\Application\Runtime\Cache\Admin\83974538ecda025b39358b0db8629987.php 第 160 行.
NOTIC: [8] Use of undefined constant level - assumed 'level' D:\phpStudy\WWW\20161011tpshoptcapp\Application\Runtime\Cache\Admin\83974538ecda025b39358b0db8629987.php 第 162 行.
NOTIC: [8] Undefined index: have_son D:\phpStudy\WWW\20161011tpshoptcapp\Application\Runtime\Cache\Admin\83974538ecda025b39358b0db8629987.php 第 163 行.
NOTIC: [8] Use of undefined constant is_hot - assumed 'is_hot' D:\phpStudy\WWW\20161011tpshoptcapp\Application\Runtime\Cache\Admin\83974538ecda025b39358b0db8629987.php 第 168 行.
NOTIC: [8] Use of undefined constant is_show - assumed 'is_show' D:\phpStudy\WWW\20161011tpshoptcapp\Application\Runtime\Cache\Admin\83974538ecda025b39358b0db8629987.php 第 171 行.
INFO: Run Behavior\ParseTemplateBehavior [ RunTime:0.018000s ]
INFO: [ view_parse ] --END-- [ RunTime:0.018000s ]
INFO: [ view_filter ] --START--
INFO: Run Behavior\WriteHtmlCacheBehavior [ RunTime:0.000000s ]
INFO: Run Behavior\TokenBuildBehavior [ RunTime:0.003000s ]
INFO: [ view_filter ] --END-- [ RunTime:0.003000s ]
INFO: [ app_end ] --START--
INFO: Run Behavior\ShowPageTraceBehavior [ RunTime:0.000000s ]
INFO: [ app_end ] --END-- [ RunTime:0.000000s ]

[ 2016-12-15T10:16:39+08:00 ] 127.0.0.1 /index.php?m=Admin&c=Index&a=changeTableVal&table=goods_category&id_name=id&id_value=1&field=is_show&value=1
INFO: [ app_begin ] --START--
INFO: Run Behavior\ReadHtmlCacheBehavior [ RunTime:0.000000s ]
INFO: [ app_begin ] --END-- [ RunTime:0.000000s ]
NOTIC: [8] Undefined index: changeTableVal D:\phpStudy\WWW\20161011tpshoptcapp\Application\Admin\Common\function.php 第 69 行.
INFO: [ app_end ] --START--
INFO: Run Behavior\ShowPageTraceBehavior [ RunTime:0.001000s ]
INFO: [ app_end ] --END-- [ RunTime:0.001000s ]

